Flat profile:

Each sample counts as 0.01 seconds.
  %   cumulative   self              self     total           
 time   seconds   seconds    calls   s/call   s/call  name    
 18.36     57.90    57.90 506568965     0.00     0.00  ProbeTT(state_t*, int*, int, int, unsigned int*, int*, int*, int*, int*, int)
 11.07     92.82    34.92     9697     0.00     0.03  search(state_t*, int, int, int, int, int)
  7.77    117.33    24.51 140537493     0.00     0.00  qsearch(state_t*, int, int, int, int)
  7.62    141.38    24.04 288009370     0.00     0.00  feval(state_t*, int, t_eval_comps*)
  5.96    160.17    18.79 859881838     0.00     0.00  see(state_t*, int, int, int, int)
  5.59    177.80    17.63 916714589     0.00     0.00  make(state_t*, int)
  4.73    192.72    14.92 7592818589     0.00     0.00  FindFirstRemove(unsigned long long*)
  4.58    207.15    14.43 69078140     0.00     0.00  order_moves(state_t*, int*, int*, int, unsigned int)
  2.99    216.59     9.44 405205355     0.00     0.00  StoreTT(state_t*, int, int, int, unsigned int, int, int, int, int)
  2.56    224.65     8.06 859881838     0.00     0.00  attacks_to(state_t*, int)
  2.51    232.57     7.91 507751942     0.00     0.00  remove_one_fast(int*, int*, int*, int)
  2.22    239.58     7.02 1563000597     0.00     0.00  is_attacked(state_t*, int, int)
  2.13    246.31     6.73 411793847     0.00     0.00  eval(state_t*, int, int, int)
  1.98    252.55     6.24 916714589     0.00     0.00  unmake(state_t*, int)
  1.97    258.75     6.20 209616225     0.00     0.00  gen_captures(state_t*, int*)
  1.92    264.80     6.05 2869551984     0.00     0.00  RookAttacks(state_t*, int)
  1.72    270.23     5.43 255239892     0.00     0.00  fast_order_moves(state_t*, int*, int*, int, unsigned int)
  1.71    275.62     5.39 49742872     0.00     0.00  gen(state_t*, int*)
  1.47    280.25     4.63 3322077682     0.00     0.00  compact_move(int)
  1.27    284.26     4.01 288009370     0.00     0.00  static_pawn_eval(state_t*)
  1.27    288.26     4.00 2243214897     0.00     0.00  BishopAttacks(state_t*, int)
  1.17    291.96     3.70 2351442609     0.00     0.00  ThickPopCount(unsigned long long)
  0.89    294.78     2.82 5393808666     0.00     0.00  PopCount(unsigned long long)
  0.66    296.85     2.07 916704357     0.00     0.00  check_legal(state_t*, int)
  0.52    298.49     1.65       51     0.03     0.03  FindFirst(unsigned long long)
  0.52    300.13     1.64 57578690     0.00     0.00  gen_good_checks(state_t*, int*)
  0.48    301.64     1.51 288009370     0.00     0.00  drawn_endgames(state_t*, int, int, int)
  0.36    302.78     1.15 38085146     0.00     0.00  gen_check_blocks(state_t*, int*, int)
  0.33    303.81     1.03 461008356     0.00     0.00  RankAttacks(unsigned long long, unsigned int)
  0.32    304.82     1.01 440529859     0.00     0.00  DiagonalAttacks(unsigned long long, unsigned int)
  0.32    305.82     1.00 568235253     0.00     0.00  FileAttacks(unsigned long long, unsigned int)
  0.29    306.75     0.93 597932234     0.00     0.00  taxicab_dist_bit(int, int)
  0.29    307.66     0.92 507243255     0.00     0.00  is_draw(gamestate_t*, state_t*)
  0.28    308.53     0.87 288009370     0.00     0.00  psq_eval(state_t*, t_eval_comps*)
  0.26    309.35     0.82 336427972     0.00     0.00  AntiDiagAttacks(unsigned long long, unsigned int)
  0.23    310.07     0.72                             elo_to_blunder(int)
  0.22    310.75     0.68  7394807     0.00     0.00  gen_quiet(state_t*, int*)
  0.20    311.38     0.63 507243255     0.00     0.00  search_time_check(state_t*)
  0.20    312.00     0.62 426922806     0.00     0.00  sum_dist(int, int)
  0.19    312.61     0.61 643992957     0.00     0.00  in_check(state_t*)
  0.14    313.04     0.43 436909794     0.00     0.00  retrieve_eval(state_t*)
  0.12    313.41     0.38        1     0.38     0.38  init_parameters(gamestate_t*)
  0.12    313.78     0.37 44687203     0.00     0.00  gen_evasions(state_t*, int*, int)
  0.08    314.04     0.26       25     0.01     0.01  SetupCastleMasks(state_t*)
  0.06    314.23     0.19       13     0.01     0.01  initialize_hash(state_t*)
  0.06    314.42     0.19      396     0.00     0.00  FindLast(unsigned long long)
  0.06    314.60     0.18                             frame_dummy
  0.05    314.76     0.16       12     0.01    26.11  think(gamestate_t*, state_t*)
  0.05    314.91     0.15 47215918     0.00     0.00  history_good(state_t*, int, int)
  0.04    315.04     0.13        1     0.13     0.13  preprocess_prepare()
  0.03    315.14     0.10                             add_king_castle(int*, int, int, int)
  0.03    315.24     0.10                             scale(int, int, int)
  0.02    315.30     0.06  5454817     0.00     0.00  check_castle_blocker(state_t*, int)
  0.02    315.35     0.06       12     0.00     0.00  check_phase(gamestate_t*, state_t*)
  0.01    315.40     0.05                             insufficient_material(state_t*)
  0.01    315.43     0.03     1301     0.00     0.00  taxicab_dist(int, int)
  0.00    315.44     0.02 38116199     0.00     0.00  rank(int)
  0.00    315.44     0.00    31159     0.00     0.00  rtime()
  0.00    315.44     0.00    31147     0.00     0.00  interrupt()
  0.00    315.44     0.00    31147     0.00     0.00  rdifftime(int, int)
  0.00    315.44     0.00    31030     0.00     0.00  file(int)
  0.00    315.44     0.00    14775     0.00     0.00  comp_to_san(state_t*, int, char*)
  0.00    315.44     0.00     2390     0.00     0.00  myprintf(char const*, ...)
  0.00    315.44     0.00     1792     0.00     0.00  myrandom()
  0.00    315.44     0.00      472     0.00     0.00  post_thinking(state_t*, int, int, char*, int)
  0.00    315.44     0.00      390     0.00     0.00  hash_extract_pv(state_t*, int, char*)
  0.00    315.44     0.00      244     0.00     1.28  search_root(state_t*, int, int, int)
  0.00    315.44     0.00       41     0.00     0.00  post_fl_thinking(state_t*, int, int, char*, int)
  0.00    315.44     0.00       34     0.00     0.00  post_fh_thinking(state_t*, int, int, char*, int)
  0.00    315.44     0.00       25     0.00     0.00  init_psq_score(state_t*)
  0.00    315.44     0.00       25     0.00     0.00  reset_piece_square(state_t*)
  0.00    315.44     0.00       13     0.00     0.00  clear_tt()
  0.00    315.44     0.00       13     0.00     0.01  init_game(gamestate_t*, state_t*)
  0.00    315.44     0.00       12     0.00     0.00  clear_dp_tt()
  0.00    315.44     0.00       12     0.00     0.00  display_board(state_t*, int)
  0.00    315.44     0.00       12     0.00     0.00  dumpsearchstat(state_t*)
  0.00    315.44     0.00       12     0.00     0.04  setup_epd_line(gamestate_t*, state_t*, char const*)
  0.00    315.44     0.00        2     0.00     0.00  mysrand(unsigned int)
  0.00    315.44     0.00        1     0.00     0.00  alloc_hash()
  0.00    315.44     0.00        1     0.00     0.00  clear_pawn_tt()
  0.00    315.44     0.00        1     0.00   313.77  run_epd_testsuite(gamestate_t*, state_t*, char const*)
  0.00    315.44     0.00        1     0.00     0.00  initialize_zobrist(state_t*)
  0.00    315.44     0.00        1     0.00     0.00  SetupPrecalculatedData()
  0.00    315.44     0.00        1     0.00     0.00  start_up()

 %         the percentage of the total running time of the
time       program used by this function.

cumulative a running sum of the number of seconds accounted
 seconds   for by this function and those listed above it.

 self      the number of seconds accounted for by this
seconds    function alone.  This is the major sort for this
           listing.

calls      the number of times this function was invoked, if
           this function is profiled, else blank.

 self      the average number of milliseconds spent in this
ms/call    function per call, if this function is profiled,
	   else blank.

 total     the average number of milliseconds spent in this
ms/call    function and its descendents per call, if this
	   function is profiled, else blank.

name       the name of the function.  This is the minor sort
           for this listing. The index shows the location of
	   the function in the gprof listing. If the index is
	   in parenthesis it shows where it would appear in
	   the gprof listing if it were to be printed.

Copyright (C) 2012-2020 Free Software Foundation, Inc.

Copying and distribution of this file, with or without modification,
are permitted in any medium without royalty provided the copyright
notice and this notice are preserved.

		     Call graph (explanation follows)


granularity: each sample hit covers 2 byte(s) for 0.00% of 315.44 seconds

index % time    self  children    called     name
                                                 <spontaneous>
[1]     99.6    0.00  314.30                 main [1]
                0.00  313.77       1/1           run_epd_testsuite(gamestate_t*, state_t*, char const*) [2]
                0.38    0.00       1/1           init_parameters(gamestate_t*) [48]
                0.13    0.00       1/1           preprocess_prepare() [55]
                0.01    0.00       1/13          initialize_hash(state_t*) [50]
                0.00    0.01       1/13          init_game(gamestate_t*, state_t*) [54]
                0.00    0.00       2/2390        myprintf(char const*, ...) [78]
                0.00    0.00       1/1           start_up() [90]
                0.00    0.00       1/1           initialize_zobrist(state_t*) [88]
                0.00    0.00       1/1           alloc_hash() [86]
                0.00    0.00       1/1           SetupPrecalculatedData() [89]
                0.00    0.00       1/2           mysrand(unsigned int) [85]
                0.00    0.00       1/13          clear_tt() [81]
                0.00    0.00       1/1           clear_pawn_tt() [87]
-----------------------------------------------
                0.00  313.77       1/1           main [1]
[2]     99.5    0.00  313.77       1         run_epd_testsuite(gamestate_t*, state_t*, char const*) [2]
                0.16  313.18      12/12          think(gamestate_t*, state_t*) [3]
                0.00    0.43      12/12          setup_epd_line(gamestate_t*, state_t*, char const*) [47]
                0.00    0.00      48/2390        myprintf(char const*, ...) [78]
                0.00    0.00      12/12          dumpsearchstat(state_t*) [84]
                0.00    0.00      12/13          clear_tt() [81]
                0.00    0.00      12/12          display_board(state_t*, int) [83]
-----------------------------------------------
                0.16  313.18      12/12          run_epd_testsuite(gamestate_t*, state_t*, char const*) [2]
[3]     99.3    0.16  313.18      12         think(gamestate_t*, state_t*) [3]
                0.00  313.12     244/244         search_root(state_t*, int, int, int) [4]
                0.06    0.00      12/12          check_phase(gamestate_t*, state_t*) [59]
                0.00    0.00     194/472         post_thinking(state_t*, int, int, char*, int) [64]
                0.00    0.00     544/916714589     make(state_t*, int) [12]
                0.00    0.00     544/916704357     check_legal(state_t*, int) [21]
                0.00    0.00     544/916714589     unmake(state_t*, int) [22]
                0.00    0.00      12/49742872     gen(state_t*, int*) [16]
                0.00    0.00      24/1563000597     is_attacked(state_t*, int, int) [18]
                0.00    0.00      24/643992957     in_check(state_t*) [45]
                0.00    0.00     206/31159       rtime() [74]
                0.00    0.00     194/31147       rdifftime(int, int) [76]
                0.00    0.00     194/31147       interrupt() [75]
                0.00    0.00      24/2390        myprintf(char const*, ...) [78]
                0.00    0.00      12/12          clear_dp_tt() [82]
-----------------------------------------------
                0.00  313.12     244/244         think(gamestate_t*, state_t*) [3]
[4]     99.3    0.00  313.12     244         search_root(state_t*, int, int, int) [4]
               34.92  278.20    9697/9697        search(state_t*, int, int, int, int, int) [5]
                0.00    0.00    9564/14775       comp_to_san(state_t*, int, char*) [63]
                0.00    0.00     278/472         post_thinking(state_t*, int, int, char*, int) [64]
                0.00    0.00    9808/411793847     eval(state_t*, int, int, int) [7]
                0.00    0.00     730/140537493     qsearch(state_t*, int, int, int, int) [6]
                0.00    0.00   19219/916714589     make(state_t*, int) [12]
                0.00    0.00   19219/916714589     unmake(state_t*, int) [22]
                0.00    0.00     244/69078140     order_moves(state_t*, int*, int*, int, unsigned int) [11]
                0.00    0.00    9655/916704357     check_legal(state_t*, int) [21]
                0.00    0.00    9808/1563000597     is_attacked(state_t*, int, int) [18]
                0.00    0.00     244/49742872     gen(state_t*, int*) [16]
                0.00    0.00     244/506568965     ProbeTT(state_t*, int*, int, int, unsigned int*, int*, int*, int*, int*, int) [9]
                0.00    0.00    9808/643992957     in_check(state_t*) [45]
                0.00    0.00      41/41          post_fl_thinking(state_t*, int, int, char*, int) [66]
                0.00    0.00      34/34          post_fh_thinking(state_t*, int, int, char*, int) [67]
                0.00    0.00     244/405205355     StoreTT(state_t*, int, int, int, unsigned int, int, int, int, int) [17]
                0.00    0.00     282/47215918     history_good(state_t*, int, int) [53]
                0.00    0.00    1465/38116199     rank(int) [62]
                0.00    0.00     325/3322077682     compact_move(int) [25]
-----------------------------------------------
                             199924994             search(state_t*, int, int, int, int, int) [5]
               34.92  278.20    9697/9697        search_root(state_t*, int, int, int) [4]
[5]     99.3   34.92  278.20    9697+199924994 search(state_t*, int, int, int, int, int) [5]
               24.51  116.63 140536763/140537493     qsearch(state_t*, int, int, int, int) [6]
                3.68   34.65 224827062/411793847     eval(state_t*, int, int, int) [7]
               14.43   10.30 69077896/69078140     order_moves(state_t*, int*, int*, int, unsigned int) [11]
               22.64    0.00 198047847/506568965     ProbeTT(state_t*, int*, int, int, unsigned int*, int*, int*, int*, int*, int) [9]
               11.66    0.00 606246485/916714589     make(state_t*, int) [12]
                5.39    4.54 49724834/49742872     gen(state_t*, int*) [16]
                7.91    0.00 507751942/507751942     remove_one_fast(int*, int*, int*, int) [19]
                1.37    3.23 606246485/916704357     check_legal(state_t*, int) [21]
                4.12    0.00 606246485/916714589     unmake(state_t*, int) [22]
                2.22    1.53 101640560/859881838     see(state_t*, int, int, int, int) [10]
                3.27    0.00 140250449/405205355     StoreTT(state_t*, int, int, int, unsigned int, int, int, int, int) [17]
                2.05    0.37 456994282/1563000597     is_attacked(state_t*, int, int) [18]
                0.16    2.11 19349472/44687203     gen_evasions(state_t*, int*, int) [24]
                0.43    0.00 456994282/643992957     in_check(state_t*) [45]
                0.36    0.00 198224450/507243255     is_draw(gamestate_t*, state_t*) [39]
                0.25    0.00 198224450/507243255     search_time_check(state_t*) [43]
                0.17    0.00 171789668/436909794     retrieve_eval(state_t*) [46]
                0.15    0.00 47215636/47215918     history_good(state_t*, int, int) [53]
                0.07    0.00 47415885/3322077682     compact_move(int) [25]
                             199924994             search(state_t*, int, int, int, int, int) [5]
-----------------------------------------------
                             168481312             qsearch(state_t*, int, int, int, int) [6]
                0.00    0.00     730/140537493     search_root(state_t*, int, int, int) [4]
               24.51  116.63 140536763/140537493     search(state_t*, int, int, int, int, int) [5]
[6]     44.7   24.51  116.63 140537493+168481312 qsearch(state_t*, int, int, int, int) [6]
               35.26    0.00 308515751/506568965     ProbeTT(state_t*, int*, int, int, unsigned int*, int*, int*, int*, int*, int) [9]
                3.06   28.82 186956977/411793847     eval(state_t*, int, int, int) [7]
                4.88    3.73 164929022/209616225     gen_captures(state_t*, int*) [14]
                4.33    2.99 198031441/859881838     see(state_t*, int, int, int, int) [10]
                5.43    1.55 255239892/255239892     fast_order_moves(state_t*, int*, int*, int, unsigned int) [20]
                6.17    0.00 264954662/405205355     StoreTT(state_t*, int, int, int, unsigned int, int, int, int, int) [17]
                5.97    0.00 310413473/916714589     make(state_t*, int) [12]
                1.64    1.55 57578690/57578690     gen_good_checks(state_t*, int*) [30]
                0.21    2.76 25337373/44687203     gen_evasions(state_t*, int*, int) [24]
                0.70    1.65 310413473/916704357     check_legal(state_t*, int) [21]
                2.11    0.00 310413473/916714589     unmake(state_t*, int) [22]
                0.68    0.65 7394807/7394807     gen_quiet(state_t*, int*) [34]
                0.84    0.15 186956187/1563000597     is_attacked(state_t*, int, int) [18]
                0.56    0.00 309018805/507243255     is_draw(gamestate_t*, state_t*) [39]
                0.38    0.00 309018805/507243255     search_time_check(state_t*) [43]
                0.26    0.00 265120126/436909794     retrieve_eval(state_t*) [46]
                0.18    0.00 186956187/643992957     in_check(state_t*) [45]
                0.11    0.00 77169184/3322077682     compact_move(int) [25]
                             168481312             qsearch(state_t*, int, int, int, int) [6]
-----------------------------------------------
                0.00    0.00    9808/411793847     search_root(state_t*, int, int, int) [4]
                3.06   28.82 186956977/411793847     qsearch(state_t*, int, int, int, int) [6]
                3.68   34.65 224827062/411793847     search(state_t*, int, int, int, int, int) [5]
[7]     22.3    6.73   63.47 411793847         eval(state_t*, int, int, int) [7]
               24.04   36.06 288009370/288009370     feval(state_t*, int, t_eval_comps*) [8]
                1.51    1.86 288009370/288009370     drawn_endgames(state_t*, int, int, int) [29]
                0.00    0.00 1838047/5393808666     PopCount(unsigned long long) [31]
-----------------------------------------------
               24.04   36.06 288009370/288009370     eval(state_t*, int, int, int) [7]
[8]     19.1   24.04   36.06 288009370         feval(state_t*, int, t_eval_comps*) [8]
                7.87    5.43 359871222/859881838     see(state_t*, int, int, int, int) [10]
                5.11    0.00 2598739840/7592818589     FindFirstRemove(unsigned long long*) [13]
                4.01    0.13 288009370/288009370     static_pawn_eval(state_t*) [26]
                3.70    0.00 2351442609/2351442609     ThickPopCount(unsigned long long) [28]
                2.80    0.00 1330074715/2869551984     RookAttacks(state_t*, int) [23]
                2.78    0.00 5310937100/5393808666     PopCount(unsigned long long) [31]
                1.82    0.00 1022901546/2243214897     BishopAttacks(state_t*, int) [27]
                0.93    0.00 597932234/597932234     taxicab_dist_bit(int, int) [38]
                0.87    0.00 288009370/288009370     psq_eval(state_t*, t_eval_comps*) [40]
                0.62    0.00 426922806/426922806     sum_dist(int, int) [44]
-----------------------------------------------
                0.00    0.00     244/506568965     search_root(state_t*, int, int, int) [4]
                0.00    0.00    5123/506568965     hash_extract_pv(state_t*, int, char*) [65]
               22.64    0.00 198047847/506568965     search(state_t*, int, int, int, int, int) [5]
               35.26    0.00 308515751/506568965     qsearch(state_t*, int, int, int, int) [6]
[9]     18.4   57.90    0.00 506568965         ProbeTT(state_t*, int*, int, int, unsigned int*, int*, int*, int*, int*, int) [9]
-----------------------------------------------
                2.22    1.53 101640560/859881838     search(state_t*, int, int, int, int, int) [5]
                4.33    2.99 198031441/859881838     qsearch(state_t*, int, int, int, int) [6]
                4.38    3.02 200338615/859881838     order_moves(state_t*, int*, int*, int, unsigned int) [11]
                7.87    5.43 359871222/859881838     feval(state_t*, int, t_eval_comps*) [8]
[10]    10.1   18.79   12.97 859881838         see(state_t*, int, int, int, int) [10]
                8.06    2.57 859881838/859881838     attacks_to(state_t*, int) [15]
                1.35    0.00 642946454/2869551984     RookAttacks(state_t*, int) [23]
                0.99    0.00 553876857/2243214897     BishopAttacks(state_t*, int) [27]
-----------------------------------------------
                0.00    0.00     244/69078140     search_root(state_t*, int, int, int) [4]
               14.43   10.30 69077896/69078140     search(state_t*, int, int, int, int, int) [5]
[11]     7.8   14.43   10.31 69078140         order_moves(state_t*, int*, int*, int, unsigned int) [11]
                4.38    3.02 200338615/859881838     see(state_t*, int, int, int, int) [10]
                2.90    0.00 2083620615/3322077682     compact_move(int) [25]
-----------------------------------------------
                0.00    0.00      28/916714589     post_fh_thinking(state_t*, int, int, char*, int) [67]
                0.00    0.00      30/916714589     post_fl_thinking(state_t*, int, int, char*, int) [66]
                0.00    0.00     544/916714589     think(gamestate_t*, state_t*) [3]
                0.00    0.00     610/916714589     post_thinking(state_t*, int, int, char*, int) [64]
                0.00    0.00    4763/916714589     hash_extract_pv(state_t*, int, char*) [65]
                0.00    0.00   19219/916714589     search_root(state_t*, int, int, int) [4]
                0.00    0.00   29437/916714589     comp_to_san(state_t*, int, char*) [63]
                5.97    0.00 310413473/916714589     qsearch(state_t*, int, int, int, int) [6]
               11.66    0.00 606246485/916714589     search(state_t*, int, int, int, int, int) [5]
[12]     5.6   17.63    0.00 916714589         make(state_t*, int) [12]
-----------------------------------------------
                0.00    0.00     312/7592818589     check_phase(gamestate_t*, state_t*) [59]
                0.00    0.00     728/7592818589     init_psq_score(state_t*) [68]
                0.08    0.00 43240564/7592818589     static_pawn_eval(state_t*) [26]
                0.35    0.00 178570437/7592818589     gen_evasions(state_t*, int*, int) [24]
                0.58    0.00 295433270/7592818589     gen_quiet(state_t*, int*) [34]
                0.73    0.00 374030479/7592818589     gen_check_blocks(state_t*, int*, int) [32]
                0.82    0.00 417072743/7592818589     gen_good_checks(state_t*, int*) [30]
                3.16    0.00 1605864690/7592818589     gen_captures(state_t*, int*) [14]
                4.09    0.00 2079865526/7592818589     gen(state_t*, int*) [16]
                5.11    0.00 2598739840/7592818589     feval(state_t*, int, t_eval_comps*) [8]
[13]     4.7   14.92    0.00 7592818589         FindFirstRemove(unsigned long long*) [13]
-----------------------------------------------
                1.32    1.01 44687203/209616225     gen_evasions(state_t*, int*, int) [24]
                4.88    3.73 164929022/209616225     qsearch(state_t*, int, int, int, int) [6]
[14]     3.5    6.20    4.74 209616225         gen_captures(state_t*, int*) [14]
                3.16    0.00 1605864690/7592818589     FindFirstRemove(unsigned long long*) [13]
                0.96    0.00 456141816/2869551984     RookAttacks(state_t*, int) [23]
                0.62    0.00 349148367/2243214897     BishopAttacks(state_t*, int) [27]
-----------------------------------------------
                8.06    2.57 859881838/859881838     see(state_t*, int, int, int, int) [10]
[15]     3.4    8.06    2.57 859881838         attacks_to(state_t*, int) [15]
                0.69    0.00 308367889/461008356     RankAttacks(unsigned long long, unsigned int) [35]
                0.64    0.00 278039722/440529859     DiagonalAttacks(unsigned long long, unsigned int) [36]
                0.62    0.00 257395063/336427972     AntiDiagAttacks(unsigned long long, unsigned int) [41]
                0.62    0.00 352944178/568235253     FileAttacks(unsigned long long, unsigned int) [37]
-----------------------------------------------
                0.00    0.00      12/49742872     think(gamestate_t*, state_t*) [3]
                0.00    0.00     244/49742872     search_root(state_t*, int, int, int) [4]
                0.00    0.00    4753/49742872     hash_extract_pv(state_t*, int, char*) [65]
                0.00    0.00   13029/49742872     comp_to_san(state_t*, int, char*) [63]
                5.39    4.54 49724834/49742872     search(state_t*, int, int, int, int, int) [5]
[16]     3.1    5.39    4.54 49742872         gen(state_t*, int*) [16]
                4.09    0.00 2079865526/7592818589     FindFirstRemove(unsigned long long*) [13]
                0.25    0.00 116529139/2869551984     RookAttacks(state_t*, int) [23]
                0.16    0.00 89137284/2243214897     BishopAttacks(state_t*, int) [27]
                0.05    0.00 4587051/5454817     check_castle_blocker(state_t*, int) [58]
-----------------------------------------------
                0.00    0.00     244/405205355     search_root(state_t*, int, int, int) [4]
                3.27    0.00 140250449/405205355     search(state_t*, int, int, int, int, int) [5]
                6.17    0.00 264954662/405205355     qsearch(state_t*, int, int, int, int) [6]
[17]     3.0    9.44    0.00 405205355         StoreTT(state_t*, int, int, int, unsigned int, int, int, int, int) [17]
-----------------------------------------------
                0.00    0.00      24/1563000597     think(gamestate_t*, state_t*) [3]
                0.00    0.00    5469/1563000597     hash_extract_pv(state_t*, int, char*) [65]
                0.00    0.00    9808/1563000597     search_root(state_t*, int, int, int) [4]
                0.00    0.00   27187/1563000597     comp_to_san(state_t*, int, char*) [63]
                0.84    0.15 186956187/1563000597     qsearch(state_t*, int, int, int, int) [6]
                2.05    0.37 456994282/1563000597     search(state_t*, int, int, int, int, int) [5]
                4.13    0.75 919007640/1563000597     check_legal(state_t*, int) [21]
[18]     2.6    7.02    1.28 1563000597         is_attacked(state_t*, int, int) [18]
                0.38    0.00 215291075/568235253     FileAttacks(unsigned long long, unsigned int) [37]
                0.37    0.00 162490137/440529859     DiagonalAttacks(unsigned long long, unsigned int) [36]
                0.34    0.00 152640467/461008356     RankAttacks(unsigned long long, unsigned int) [35]
                0.19    0.00 79032909/336427972     AntiDiagAttacks(unsigned long long, unsigned int) [41]
-----------------------------------------------
                7.91    0.00 507751942/507751942     search(state_t*, int, int, int, int, int) [5]
[19]     2.5    7.91    0.00 507751942         remove_one_fast(int*, int*, int*, int) [19]
-----------------------------------------------
                5.43    1.55 255239892/255239892     qsearch(state_t*, int, int, int, int) [6]
[20]     2.2    5.43    1.55 255239892         fast_order_moves(state_t*, int*, int*, int, unsigned int) [20]
                1.55    0.00 1113871673/3322077682     compact_move(int) [25]
-----------------------------------------------
                0.00    0.00     544/916704357     think(gamestate_t*, state_t*) [3]
                0.00    0.00    4763/916704357     hash_extract_pv(state_t*, int, char*) [65]
                0.00    0.00    9655/916704357     search_root(state_t*, int, int, int) [4]
                0.00    0.00   29437/916704357     comp_to_san(state_t*, int, char*) [63]
                0.70    1.65 310413473/916704357     qsearch(state_t*, int, int, int, int) [6]
                1.37    3.23 606246485/916704357     search(state_t*, int, int, int, int, int) [5]
[21]     2.2    2.07    4.88 916704357         check_legal(state_t*, int) [21]
                4.13    0.75 919007640/1563000597     is_attacked(state_t*, int, int) [18]
-----------------------------------------------
                0.00    0.00      28/916714589     post_fh_thinking(state_t*, int, int, char*, int) [67]
                0.00    0.00      30/916714589     post_fl_thinking(state_t*, int, int, char*, int) [66]
                0.00    0.00     544/916714589     think(gamestate_t*, state_t*) [3]
                0.00    0.00     610/916714589     post_thinking(state_t*, int, int, char*, int) [64]
                0.00    0.00    4763/916714589     hash_extract_pv(state_t*, int, char*) [65]
                0.00    0.00   19219/916714589     search_root(state_t*, int, int, int) [4]
                0.00    0.00   29437/916714589     comp_to_san(state_t*, int, char*) [63]
                2.11    0.00 310413473/916714589     qsearch(state_t*, int, int, int, int) [6]
                4.12    0.00 606246485/916714589     search(state_t*, int, int, int, int, int) [5]
[22]     2.0    6.24    0.00 916714589         unmake(state_t*, int) [22]
-----------------------------------------------
                0.04    0.00 18375388/2869551984     gen_quiet(state_t*, int*) [34]
                0.17    0.00 82968365/2869551984     gen_check_blocks(state_t*, int*, int) [32]
                0.25    0.00 116529139/2869551984     gen(state_t*, int*) [16]
                0.47    0.00 222516107/2869551984     gen_good_checks(state_t*, int*) [30]
                0.96    0.00 456141816/2869551984     gen_captures(state_t*, int*) [14]
                1.35    0.00 642946454/2869551984     see(state_t*, int, int, int, int) [10]
                2.80    0.00 1330074715/2869551984     feval(state_t*, int, t_eval_comps*) [8]
[23]     1.9    6.05    0.00 2869551984         RookAttacks(state_t*, int) [23]
-----------------------------------------------
                0.00    0.00     358/44687203     hash_extract_pv(state_t*, int, char*) [65]
                0.16    2.11 19349472/44687203     search(state_t*, int, int, int, int, int) [5]
                0.21    2.76 25337373/44687203     qsearch(state_t*, int, int, int, int) [6]
[24]     1.7    0.37    4.87 44687203         gen_evasions(state_t*, int*, int) [24]
                1.32    1.01 44687203/209616225     gen_captures(state_t*, int*) [14]
                1.15    1.04 38085146/38085146     gen_check_blocks(state_t*, int*, int) [32]
                0.35    0.00 178570437/7592818589     FindFirstRemove(unsigned long long*) [13]
-----------------------------------------------
                0.00    0.00     325/3322077682     search_root(state_t*, int, int, int) [4]
                0.07    0.00 47415885/3322077682     search(state_t*, int, int, int, int, int) [5]
                0.11    0.00 77169184/3322077682     qsearch(state_t*, int, int, int, int) [6]
                1.55    0.00 1113871673/3322077682     fast_order_moves(state_t*, int*, int*, int, unsigned int) [20]
                2.90    0.00 2083620615/3322077682     order_moves(state_t*, int*, int*, int, unsigned int) [11]
[25]     1.5    4.63    0.00 3322077682         compact_move(int) [25]
-----------------------------------------------
                4.01    0.13 288009370/288009370     feval(state_t*, int, t_eval_comps*) [8]
[26]     1.3    4.01    0.13 288009370         static_pawn_eval(state_t*) [26]
                0.08    0.00 43240564/7592818589     FindFirstRemove(unsigned long long*) [13]
                0.04    0.00 81033519/5393808666     PopCount(unsigned long long) [31]
-----------------------------------------------
                0.02    0.00 13590894/2243214897     gen_quiet(state_t*, int*) [34]
                0.12    0.00 67069061/2243214897     gen_check_blocks(state_t*, int*, int) [32]
                0.16    0.00 89137284/2243214897     gen(state_t*, int*) [16]
                0.26    0.00 147490888/2243214897     gen_good_checks(state_t*, int*) [30]
                0.62    0.00 349148367/2243214897     gen_captures(state_t*, int*) [14]
                0.99    0.00 553876857/2243214897     see(state_t*, int, int, int, int) [10]
                1.82    0.00 1022901546/2243214897     feval(state_t*, int, t_eval_comps*) [8]
[27]     1.3    4.00    0.00 2243214897         BishopAttacks(state_t*, int) [27]
-----------------------------------------------
                3.70    0.00 2351442609/2351442609     feval(state_t*, int, t_eval_comps*) [8]
[28]     1.2    3.70    0.00 2351442609         ThickPopCount(unsigned long long) [28]
-----------------------------------------------
                1.51    1.86 288009370/288009370     eval(state_t*, int, int, int) [7]
[29]     1.1    1.51    1.86 288009370         drawn_endgames(state_t*, int, int, int) [29]
                1.65    0.00      51/51          FindFirst(unsigned long long) [33]
                0.19    0.00     396/396         FindLast(unsigned long long) [51]
                0.03    0.00    1301/1301        taxicab_dist(int, int) [61]
                0.00    0.00      38/38116199     rank(int) [62]
                0.00    0.00      60/31030       file(int) [77]
-----------------------------------------------
                1.64    1.55 57578690/57578690     qsearch(state_t*, int, int, int, int) [6]
[30]     1.0    1.64    1.55 57578690         gen_good_checks(state_t*, int*) [30]
                0.82    0.00 417072743/7592818589     FindFirstRemove(unsigned long long*) [13]
                0.47    0.00 222516107/2869551984     RookAttacks(state_t*, int) [23]
                0.26    0.00 147490888/2243214897     BishopAttacks(state_t*, int) [27]
-----------------------------------------------
                0.00    0.00 1838047/5393808666     eval(state_t*, int, int, int) [7]
                0.04    0.00 81033519/5393808666     static_pawn_eval(state_t*) [26]
                2.78    0.00 5310937100/5393808666     feval(state_t*, int, t_eval_comps*) [8]
[31]     0.9    2.82    0.00 5393808666         PopCount(unsigned long long) [31]
-----------------------------------------------
                1.15    1.04 38085146/38085146     gen_evasions(state_t*, int*, int) [24]
[32]     0.7    1.15    1.04 38085146         gen_check_blocks(state_t*, int*, int) [32]
                0.73    0.00 374030479/7592818589     FindFirstRemove(unsigned long long*) [13]
                0.17    0.00 82968365/2869551984     RookAttacks(state_t*, int) [23]
                0.12    0.00 67069061/2243214897     BishopAttacks(state_t*, int) [27]
                0.01    0.00 38085146/38116199     rank(int) [62]
-----------------------------------------------
                1.65    0.00      51/51          drawn_endgames(state_t*, int, int, int) [29]
[33]     0.5    1.65    0.00      51         FindFirst(unsigned long long) [33]
-----------------------------------------------
                0.68    0.65 7394807/7394807     qsearch(state_t*, int, int, int, int) [6]
[34]     0.4    0.68    0.65 7394807         gen_quiet(state_t*, int*) [34]
                0.58    0.00 295433270/7592818589     FindFirstRemove(unsigned long long*) [13]
                0.04    0.00 18375388/2869551984     RookAttacks(state_t*, int) [23]
                0.02    0.00 13590894/2243214897     BishopAttacks(state_t*, int) [27]
                0.01    0.00  867766/5454817     check_castle_blocker(state_t*, int) [58]
-----------------------------------------------
                0.34    0.00 152640467/461008356     is_attacked(state_t*, int, int) [18]
                0.69    0.00 308367889/461008356     attacks_to(state_t*, int) [15]
[35]     0.3    1.03    0.00 461008356         RankAttacks(unsigned long long, unsigned int) [35]
-----------------------------------------------
                0.37    0.00 162490137/440529859     is_attacked(state_t*, int, int) [18]
                0.64    0.00 278039722/440529859     attacks_to(state_t*, int) [15]
[36]     0.3    1.01    0.00 440529859         DiagonalAttacks(unsigned long long, unsigned int) [36]
-----------------------------------------------
                0.38    0.00 215291075/568235253     is_attacked(state_t*, int, int) [18]
                0.62    0.00 352944178/568235253     attacks_to(state_t*, int) [15]
[37]     0.3    1.00    0.00 568235253         FileAttacks(unsigned long long, unsigned int) [37]
-----------------------------------------------
                0.93    0.00 597932234/597932234     feval(state_t*, int, t_eval_comps*) [8]
[38]     0.3    0.93    0.00 597932234         taxicab_dist_bit(int, int) [38]
-----------------------------------------------
                0.36    0.00 198224450/507243255     search(state_t*, int, int, int, int, int) [5]
                0.56    0.00 309018805/507243255     qsearch(state_t*, int, int, int, int) [6]
[39]     0.3    0.92    0.00 507243255         is_draw(gamestate_t*, state_t*) [39]
-----------------------------------------------
                0.87    0.00 288009370/288009370     feval(state_t*, int, t_eval_comps*) [8]
[40]     0.3    0.87    0.00 288009370         psq_eval(state_t*, t_eval_comps*) [40]
-----------------------------------------------
                0.19    0.00 79032909/336427972     is_attacked(state_t*, int, int) [18]
                0.62    0.00 257395063/336427972     attacks_to(state_t*, int) [15]
[41]     0.3    0.82    0.00 336427972         AntiDiagAttacks(unsigned long long, unsigned int) [41]
-----------------------------------------------
                                                 <spontaneous>
[42]     0.2    0.72    0.00                 elo_to_blunder(int) [42]
-----------------------------------------------
                0.25    0.00 198224450/507243255     search(state_t*, int, int, int, int, int) [5]
                0.38    0.00 309018805/507243255     qsearch(state_t*, int, int, int, int) [6]
[43]     0.2    0.63    0.00 507243255         search_time_check(state_t*) [43]
                0.00    0.00   30953/31147       interrupt() [75]
                0.00    0.00   30953/31159       rtime() [74]
                0.00    0.00   30953/31147       rdifftime(int, int) [76]
-----------------------------------------------
                0.62    0.00 426922806/426922806     feval(state_t*, int, t_eval_comps*) [8]
[44]     0.2    0.62    0.00 426922806         sum_dist(int, int) [44]
-----------------------------------------------
                0.00    0.00      24/643992957     think(gamestate_t*, state_t*) [3]
                0.00    0.00    5469/643992957     hash_extract_pv(state_t*, int, char*) [65]
                0.00    0.00    9808/643992957     search_root(state_t*, int, int, int) [4]
                0.00    0.00   27187/643992957     comp_to_san(state_t*, int, char*) [63]
                0.18    0.00 186956187/643992957     qsearch(state_t*, int, int, int, int) [6]
                0.43    0.00 456994282/643992957     search(state_t*, int, int, int, int, int) [5]
[45]     0.2    0.61    0.00 643992957         in_check(state_t*) [45]
-----------------------------------------------
                0.17    0.00 171789668/436909794     search(state_t*, int, int, int, int, int) [5]
                0.26    0.00 265120126/436909794     qsearch(state_t*, int, int, int, int) [6]
[46]     0.1    0.43    0.00 436909794         retrieve_eval(state_t*) [46]
-----------------------------------------------
                0.00    0.43      12/12          run_epd_testsuite(gamestate_t*, state_t*, char const*) [2]
[47]     0.1    0.00    0.43      12         setup_epd_line(gamestate_t*, state_t*, char const*) [47]
                0.18    0.00      12/13          initialize_hash(state_t*) [50]
                0.00    0.12      12/13          init_game(gamestate_t*, state_t*) [54]
                0.12    0.00      12/25          SetupCastleMasks(state_t*) [49]
                0.00    0.00      12/25          init_psq_score(state_t*) [68]
                0.00    0.00      12/25          reset_piece_square(state_t*) [80]
-----------------------------------------------
                0.38    0.00       1/1           main [1]
[48]     0.1    0.38    0.00       1         init_parameters(gamestate_t*) [48]
-----------------------------------------------
                0.12    0.00      12/25          setup_epd_line(gamestate_t*, state_t*, char const*) [47]
                0.14    0.00      13/25          init_game(gamestate_t*, state_t*) [54]
[49]     0.1    0.26    0.00      25         SetupCastleMasks(state_t*) [49]
-----------------------------------------------
                0.01    0.00       1/13          main [1]
                0.18    0.00      12/13          setup_epd_line(gamestate_t*, state_t*, char const*) [47]
[50]     0.1    0.19    0.00      13         initialize_hash(state_t*) [50]
-----------------------------------------------
                0.19    0.00     396/396         drawn_endgames(state_t*, int, int, int) [29]
[51]     0.1    0.19    0.00     396         FindLast(unsigned long long) [51]
-----------------------------------------------
                                                 <spontaneous>
[52]     0.1    0.18    0.00                 frame_dummy [52]
-----------------------------------------------
                0.00    0.00     282/47215918     search_root(state_t*, int, int, int) [4]
                0.15    0.00 47215636/47215918     search(state_t*, int, int, int, int, int) [5]
[53]     0.0    0.15    0.00 47215918         history_good(state_t*, int, int) [53]
-----------------------------------------------
                0.00    0.01       1/13          main [1]
                0.00    0.12      12/13          setup_epd_line(gamestate_t*, state_t*, char const*) [47]
[54]     0.0    0.00    0.14      13         init_game(gamestate_t*, state_t*) [54]
                0.14    0.00      13/25          SetupCastleMasks(state_t*) [49]
                0.00    0.00      13/25          init_psq_score(state_t*) [68]
                0.00    0.00      13/25          reset_piece_square(state_t*) [80]
-----------------------------------------------
                0.13    0.00       1/1           main [1]
[55]     0.0    0.13    0.00       1         preprocess_prepare() [55]
-----------------------------------------------
                                                 <spontaneous>
[56]     0.0    0.10    0.00                 add_king_castle(int*, int, int, int) [56]
-----------------------------------------------
                                                 <spontaneous>
[57]     0.0    0.10    0.00                 scale(int, int, int) [57]
-----------------------------------------------
                0.01    0.00  867766/5454817     gen_quiet(state_t*, int*) [34]
                0.05    0.00 4587051/5454817     gen(state_t*, int*) [16]
[58]     0.0    0.06    0.00 5454817         check_castle_blocker(state_t*, int) [58]
-----------------------------------------------
                0.06    0.00      12/12          think(gamestate_t*, state_t*) [3]
[59]     0.0    0.06    0.00      12         check_phase(gamestate_t*, state_t*) [59]
                0.00    0.00     312/7592818589     FindFirstRemove(unsigned long long*) [13]
-----------------------------------------------
                                                 <spontaneous>
[60]     0.0    0.05    0.00                 insufficient_material(state_t*) [60]
-----------------------------------------------
                0.03    0.00    1301/1301        drawn_endgames(state_t*, int, int, int) [29]
[61]     0.0    0.03    0.00    1301         taxicab_dist(int, int) [61]
-----------------------------------------------
                0.00    0.00      38/38116199     drawn_endgames(state_t*, int, int, int) [29]
                0.00    0.00    1465/38116199     search_root(state_t*, int, int, int) [4]
                0.00    0.00   29550/38116199     comp_to_san(state_t*, int, char*) [63]
                0.01    0.00 38085146/38116199     gen_check_blocks(state_t*, int*, int) [32]
[62]     0.0    0.02    0.00 38116199         rank(int) [62]
-----------------------------------------------
                0.00    0.00      28/14775       post_fh_thinking(state_t*, int, int, char*, int) [67]
                0.00    0.00      30/14775       post_fl_thinking(state_t*, int, int, char*, int) [66]
                0.00    0.00     390/14775       post_thinking(state_t*, int, int, char*, int) [64]
                0.00    0.00    4763/14775       hash_extract_pv(state_t*, int, char*) [65]
                0.00    0.00    9564/14775       search_root(state_t*, int, int, int) [4]
[63]     0.0    0.00    0.00   14775         comp_to_san(state_t*, int, char*) [63]
                0.00    0.00   13029/49742872     gen(state_t*, int*) [16]
                0.00    0.00   29437/916714589     make(state_t*, int) [12]
                0.00    0.00   29437/916704357     check_legal(state_t*, int) [21]
                0.00    0.00   29437/916714589     unmake(state_t*, int) [22]
                0.00    0.00   27187/1563000597     is_attacked(state_t*, int, int) [18]
                0.00    0.00   27187/643992957     in_check(state_t*) [45]
                0.00    0.00   29550/38116199     rank(int) [62]
                0.00    0.00   30970/31030       file(int) [77]
-----------------------------------------------
                0.00    0.00     194/472         think(gamestate_t*, state_t*) [3]
                0.00    0.00     278/472         search_root(state_t*, int, int, int) [4]
[64]     0.0    0.00    0.00     472         post_thinking(state_t*, int, int, char*, int) [64]
                0.00    0.00     390/390         hash_extract_pv(state_t*, int, char*) [65]
                0.00    0.00     390/14775       comp_to_san(state_t*, int, char*) [63]
                0.00    0.00     610/916714589     make(state_t*, int) [12]
                0.00    0.00     610/916714589     unmake(state_t*, int) [22]
                0.00    0.00    1170/2390        myprintf(char const*, ...) [78]
-----------------------------------------------
                                4763             hash_extract_pv(state_t*, int, char*) [65]
                0.00    0.00     390/390         post_thinking(state_t*, int, int, char*, int) [64]
[65]     0.0    0.00    0.00     390+4763    hash_extract_pv(state_t*, int, char*) [65]
                0.00    0.00    4763/14775       comp_to_san(state_t*, int, char*) [63]
                0.00    0.00    4753/49742872     gen(state_t*, int*) [16]
                0.00    0.00    5123/506568965     ProbeTT(state_t*, int*, int, int, unsigned int*, int*, int*, int*, int*, int) [9]
                0.00    0.00    4763/916714589     make(state_t*, int) [12]
                0.00    0.00     358/44687203     gen_evasions(state_t*, int*, int) [24]
                0.00    0.00    4763/916704357     check_legal(state_t*, int) [21]
                0.00    0.00    4763/916714589     unmake(state_t*, int) [22]
                0.00    0.00    5469/1563000597     is_attacked(state_t*, int, int) [18]
                0.00    0.00    5469/643992957     in_check(state_t*) [45]
                                4763             hash_extract_pv(state_t*, int, char*) [65]
-----------------------------------------------
                0.00    0.00      41/41          search_root(state_t*, int, int, int) [4]
[66]     0.0    0.00    0.00      41         post_fl_thinking(state_t*, int, int, char*, int) [66]
                0.00    0.00      30/14775       comp_to_san(state_t*, int, char*) [63]
                0.00    0.00      30/916714589     make(state_t*, int) [12]
                0.00    0.00      30/916714589     unmake(state_t*, int) [22]
                0.00    0.00      90/2390        myprintf(char const*, ...) [78]
-----------------------------------------------
                0.00    0.00      34/34          search_root(state_t*, int, int, int) [4]
[67]     0.0    0.00    0.00      34         post_fh_thinking(state_t*, int, int, char*, int) [67]
                0.00    0.00      28/14775       comp_to_san(state_t*, int, char*) [63]
                0.00    0.00      28/916714589     make(state_t*, int) [12]
                0.00    0.00      28/916714589     unmake(state_t*, int) [22]
                0.00    0.00      84/2390        myprintf(char const*, ...) [78]
-----------------------------------------------
                0.00    0.00      12/25          setup_epd_line(gamestate_t*, state_t*, char const*) [47]
                0.00    0.00      13/25          init_game(gamestate_t*, state_t*) [54]
[68]     0.0    0.00    0.00      25         init_psq_score(state_t*) [68]
                0.00    0.00     728/7592818589     FindFirstRemove(unsigned long long*) [13]
-----------------------------------------------
                0.00    0.00     206/31159       think(gamestate_t*, state_t*) [3]
                0.00    0.00   30953/31159       search_time_check(state_t*) [43]
[74]     0.0    0.00    0.00   31159         rtime() [74]
-----------------------------------------------
                0.00    0.00     194/31147       think(gamestate_t*, state_t*) [3]
                0.00    0.00   30953/31147       search_time_check(state_t*) [43]
[75]     0.0    0.00    0.00   31147         interrupt() [75]
-----------------------------------------------
                0.00    0.00     194/31147       think(gamestate_t*, state_t*) [3]
                0.00    0.00   30953/31147       search_time_check(state_t*) [43]
[76]     0.0    0.00    0.00   31147         rdifftime(int, int) [76]
-----------------------------------------------
                0.00    0.00      60/31030       drawn_endgames(state_t*, int, int, int) [29]
                0.00    0.00   30970/31030       comp_to_san(state_t*, int, char*) [63]
[77]     0.0    0.00    0.00   31030         file(int) [77]
-----------------------------------------------
                0.00    0.00       2/2390        main [1]
                0.00    0.00      24/2390        think(gamestate_t*, state_t*) [3]
                0.00    0.00      48/2390        run_epd_testsuite(gamestate_t*, state_t*, char const*) [2]
                0.00    0.00      84/2390        post_fh_thinking(state_t*, int, int, char*, int) [67]
                0.00    0.00      90/2390        post_fl_thinking(state_t*, int, int, char*, int) [66]
                0.00    0.00     972/2390        display_board(state_t*, int) [83]
                0.00    0.00    1170/2390        post_thinking(state_t*, int, int, char*, int) [64]
[78]     0.0    0.00    0.00    2390         myprintf(char const*, ...) [78]
-----------------------------------------------
                0.00    0.00    1792/1792        initialize_zobrist(state_t*) [88]
[79]     0.0    0.00    0.00    1792         myrandom() [79]
-----------------------------------------------
                0.00    0.00      12/25          setup_epd_line(gamestate_t*, state_t*, char const*) [47]
                0.00    0.00      13/25          init_game(gamestate_t*, state_t*) [54]
[80]     0.0    0.00    0.00      25         reset_piece_square(state_t*) [80]
-----------------------------------------------
                0.00    0.00       1/13          main [1]
                0.00    0.00      12/13          run_epd_testsuite(gamestate_t*, state_t*, char const*) [2]
[81]     0.0    0.00    0.00      13         clear_tt() [81]
-----------------------------------------------
                0.00    0.00      12/12          think(gamestate_t*, state_t*) [3]
[82]     0.0    0.00    0.00      12         clear_dp_tt() [82]
-----------------------------------------------
                0.00    0.00      12/12          run_epd_testsuite(gamestate_t*, state_t*, char const*) [2]
[83]     0.0    0.00    0.00      12         display_board(state_t*, int) [83]
                0.00    0.00     972/2390        myprintf(char const*, ...) [78]
-----------------------------------------------
                0.00    0.00      12/12          run_epd_testsuite(gamestate_t*, state_t*, char const*) [2]
[84]     0.0    0.00    0.00      12         dumpsearchstat(state_t*) [84]
-----------------------------------------------
                0.00    0.00       1/2           main [1]
                0.00    0.00       1/2           initialize_zobrist(state_t*) [88]
[85]     0.0    0.00    0.00       2         mysrand(unsigned int) [85]
-----------------------------------------------
                0.00    0.00       1/1           main [1]
[86]     0.0    0.00    0.00       1         alloc_hash() [86]
-----------------------------------------------
                0.00    0.00       1/1           main [1]
[87]     0.0    0.00    0.00       1         clear_pawn_tt() [87]
-----------------------------------------------
                0.00    0.00       1/1           main [1]
[88]     0.0    0.00    0.00       1         initialize_zobrist(state_t*) [88]
                0.00    0.00    1792/1792        myrandom() [79]
                0.00    0.00       1/2           mysrand(unsigned int) [85]
-----------------------------------------------
                0.00    0.00       1/1           main [1]
[89]     0.0    0.00    0.00       1         SetupPrecalculatedData() [89]
-----------------------------------------------
                0.00    0.00       1/1           main [1]
[90]     0.0    0.00    0.00       1         start_up() [90]
-----------------------------------------------

 This table describes the call tree of the program, and was sorted by
 the total amount of time spent in each function and its children.

 Each entry in this table consists of several lines.  The line with the
 index number at the left hand margin lists the current function.
 The lines above it list the functions that called this function,
 and the lines below it list the functions this one called.
 This line lists:
     index	A unique number given to each element of the table.
		Index numbers are sorted numerically.
		The index number is printed next to every function name so
		it is easier to look up where the function is in the table.

     % time	This is the percentage of the `total' time that was spent
		in this function and its children.  Note that due to
		different viewpoints, functions excluded by options, etc,
		these numbers will NOT add up to 100%.

     self	This is the total amount of time spent in this function.

     children	This is the total amount of time propagated into this
		function by its children.

     called	This is the number of times the function was called.
		If the function called itself recursively, the number
		only includes non-recursive calls, and is followed by
		a `+' and the number of recursive calls.

     name	The name of the current function.  The index number is
		printed after it.  If the function is a member of a
		cycle, the cycle number is printed between the
		function's name and the index number.


 For the function's parents, the fields have the following meanings:

     self	This is the amount of time that was propagated directly
		from the function into this parent.

     children	This is the amount of time that was propagated from
		the function's children into this parent.

     called	This is the number of times this parent called the
		function `/' the total number of times the function
		was called.  Recursive calls to the function are not
		included in the number after the `/'.

     name	This is the name of the parent.  The parent's index
		number is printed after it.  If the parent is a
		member of a cycle, the cycle number is printed between
		the name and the index number.

 If the parents of the function cannot be determined, the word
 `<spontaneous>' is printed in the `name' field, and all the other
 fields are blank.

 For the function's children, the fields have the following meanings:

     self	This is the amount of time that was propagated directly
		from the child into the function.

     children	This is the amount of time that was propagated from the
		child's children to the function.

     called	This is the number of times the function called
		this child `/' the total number of times the child
		was called.  Recursive calls by the child are not
		listed in the number after the `/'.

     name	This is the name of the child.  The child's index
		number is printed after it.  If the child is a
		member of a cycle, the cycle number is printed
		between the name and the index number.

 If there are any cycles (circles) in the call graph, there is an
 entry for the cycle-as-a-whole.  This entry shows who called the
 cycle (as parents) and the members of the cycle (as children.)
 The `+' recursive calls entry shows the number of function calls that
 were internal to the cycle, and the calls entry for each member shows,
 for that member, how many times it was called from other members of
 the cycle.

Copyright (C) 2012-2020 Free Software Foundation, Inc.

Copying and distribution of this file, with or without modification,
are permitted in any medium without royalty provided the copyright
notice and this notice are preserved.

Index by function name

  [86] alloc_hash()           [13] FindFirstRemove(unsigned long long*) [5] search(state_t*, int, int, int, int, int)
  [15] attacks_to(state_t*, int) [56] add_king_castle(int*, int, int, int) [22] unmake(state_t*, int)
  [37] FileAttacks(unsigned long long, unsigned int) [30] gen_good_checks(state_t*, int*) [9] ProbeTT(state_t*, int*, int, int, unsigned int*, int*, int*, int*, int*, int)
  [35] RankAttacks(unsigned long long, unsigned int) [48] init_parameters(gamestate_t*) [17] StoreTT(state_t*, int, int, int, unsigned int, int, int, int, int)
  [23] RookAttacks(state_t*, int) [50] initialize_hash(state_t*) [39] is_draw(gamestate_t*, state_t*)
  [21] check_legal(state_t*, int) [49] SetupCastleMasks(state_t*) [85] mysrand(unsigned int)
  [59] check_phase(gamestate_t*, state_t*) [32] gen_check_blocks(state_t*, int*, int) [6] qsearch(state_t*, int, int, int, int)
  [82] clear_dp_tt()          [67] post_fh_thinking(state_t*, int, int, char*, int) [51] FindLast(unsigned long long)
  [63] comp_to_san(state_t*, int, char*) [66] post_fl_thinking(state_t*, int, int, char*, int) [31] PopCount(unsigned long long)
  [18] is_attacked(state_t*, int, int) [26] static_pawn_eval(state_t*) [81] clear_tt()
   [4] search_root(state_t*, int, int, int) [38] taxicab_dist_bit(int, int) [45] in_check(state_t*)
  [25] compact_move(int)       [2] run_epd_testsuite(gamestate_t*, state_t*, char const*) [78] myprintf(char const*, ...)
  [14] gen_captures(state_t*, int*) [88] initialize_zobrist(state_t*) [79] myrandom()
  [24] gen_evasions(state_t*, int*, int) [55] preprocess_prepare() [40] psq_eval(state_t*, t_eval_comps*)
  [61] taxicab_dist(int, int) [80] reset_piece_square(state_t*) [90] start_up()
  [27] BishopAttacks(state_t*, int) [58] check_castle_blocker(state_t*, int) [44] sum_dist(int, int)
  [28] ThickPopCount(unsigned long long) [60] insufficient_material(state_t*) [33] FindFirst(unsigned long long)
  [87] clear_pawn_tt()        [89] SetupPrecalculatedData() [34] gen_quiet(state_t*, int*)
  [83] display_board(state_t*, int) [16] gen(state_t*, int*) [54] init_game(gamestate_t*, state_t*)
  [64] post_thinking(state_t*, int, int, char*, int) [10] see(state_t*, int, int, int, int) [75] interrupt()
  [46] retrieve_eval(state_t*) [7] eval(state_t*, int, int, int) [76] rdifftime(int, int)
  [29] drawn_endgames(state_t*, int, int, int) [77] file(int) [11] order_moves(state_t*, int*, int*, int, unsigned int) (search.cpp)
  [84] dumpsearchstat(state_t*) [12] make(state_t*, int)  [53] history_good(state_t*, int, int) (search.cpp)
  [42] elo_to_blunder(int)    [62] rank(int)              [65] hash_extract_pv(state_t*, int, char*) (utils.cpp)
  [68] init_psq_score(state_t*) [8] feval(state_t*, int, t_eval_comps*) [19] remove_one_fast(int*, int*, int*, int) (search.cpp)
  [47] setup_epd_line(gamestate_t*, state_t*, char const*) [74] rtime() [20] fast_order_moves(state_t*, int*, int*, int, unsigned int) (search.cpp)
  [41] AntiDiagAttacks(unsigned long long, unsigned int) [57] scale(int, int, int) [43] search_time_check(state_t*) (search.cpp)
  [36] DiagonalAttacks(unsigned long long, unsigned int) [3] think(gamestate_t*, state_t*) [52] frame_dummy
